<?xml version="1.0" encoding="UTF-8"?>
<!-- Generated by org.testng.reporters.JUnitXMLReporter -->
<testsuite ignored="8" hostname="Davids-MacBook-Pro.local" failures="0" tests="1" name="Default test" time="8.027" errors="0" timestamp="2022-01-11T12:15:44 PST">
  <testcase classname="com.amazon.qa.testcases.ProductPageTest" name="productPriceTest" time="0.074"/>
  <testcase classname="com.amazon.qa.testcases.ProductPageTest" name="productPageTitleTest" time="0.0">
    <ignored/>
  </testcase> <!-- productPageTitleTest -->
  <testcase classname="com.amazon.qa.testcases.ProductPageTest" name="productAvailability" time="0.0">
    <ignored/>
  </testcase> <!-- productAvailability -->
  <testcase classname="com.amazon.qa.testcases.ProductPageTest" name="productBrandTest" time="0.0">
    <ignored/>
  </testcase> <!-- productBrandTest -->
  <testcase classname="com.amazon.qa.testcases.ProductPageTest" name="productDescriptionTest" time="0.0">
    <ignored/>
  </testcase> <!-- productDescriptionTest -->
  <testcase classname="com.amazon.qa.testcases.ProductPageTest" name="productNameTest" time="0.0">
    <ignored/>
  </testcase> <!-- productNameTest -->
  <testcase classname="com.amazon.qa.testcases.ProductPageTest" name="addThreeToCartTest" time="0.0">
    <ignored/>
  </testcase> <!-- addThreeToCartTest -->
  <testcase classname="com.amazon.qa.testcases.ProductPageTest" name="addTwoToCartTest" time="0.0">
    <ignored/>
  </testcase> <!-- addTwoToCartTest -->
  <testcase classname="com.amazon.qa.testcases.ProductPageTest" name="addOneToCartTest" time="0.0">
    <ignored/>
  </testcase> <!-- addOneToCartTest -->
</testsuite> <!-- Default test -->
