<?xml version="1.0" encoding="UTF-8"?>
<testng-results ignored="8" total="9" passed="1" failed="0" skipped="0">
  <reporter-output>
  </reporter-output>
  <suite started-at="2022-01-11T12:15:36 PST" name="Default suite" finished-at="2022-01-11T12:15:44 PST" duration-ms="8027">
    <groups>
    </groups>
    <test started-at="2022-01-11T12:15:36 PST" name="Default test" finished-at="2022-01-11T12:15:44 PST" duration-ms="8027">
      <class name="com.amazon.qa.testcases.ProductPageTest">
        <test-method is-config="true" signature="setUp()[pri:0, instance:com.amazon.qa.testcases.ProductPageTest@45b9a632]" started-at="2022-01-11T12:15:36 PST" name="setUp" finished-at="2022-01-11T12:15:44 PST" duration-ms="7757" status="PASS">
          <reporter-output>
          </reporter-output>
        </test-method> <!-- setUp -->
        <test-method signature="productPriceTest()[pri:0, instance:com.amazon.qa.testcases.ProductPageTest@45b9a632]" started-at="2022-01-11T12:15:44 PST" name="productPriceTest" finished-at="2022-01-11T12:15:44 PST" duration-ms="74" status="PASS">
          <reporter-output>
          </reporter-output>
        </test-method> <!-- productPriceTest -->
        <test-method is-config="true" signature="tearDown()[pri:0, instance:com.amazon.qa.testcases.ProductPageTest@45b9a632]" started-at="2022-01-11T12:15:44 PST" name="tearDown" finished-at="2022-01-11T12:15:44 PST" duration-ms="168" status="PASS">
          <reporter-output>
          </reporter-output>
        </test-method> <!-- tearDown -->
      </class> <!-- com.amazon.qa.testcases.ProductPageTest -->
    </test> <!-- Default test -->
  </suite> <!-- Default suite -->
</testng-results>
